生成启动时间为 2015/7/27 13:24:55。
     1>项目“C:\Users\Administrator\Desktop\vs\GA\GA\GA.vcxproj”在节点 2 上(build 个目标)。
     1>InitializeBuildStatus:
         正在创建“Debug\GA.unsuccessfulbuild”，因为已指定“AlwaysCreate”。
       ClCompile:
         C:\Program Files (x86)\Microsoft Visual Studio 10.0\VC\bin\CL.exe /c /ZI /nologo /W3 /WX- /Od /Oy- /D _MBCS /Gm /EHsc /RTC1 /MDd /GS /fp:precise /Zc:wchar_t /Zc:forScope /Fo"Debug\\" /Fd"Debug\vc100.pdb" /Gd /TP /analyze- /errorReport:prompt GA2.cpp
         GA2.cpp
     1>c:\users\administrator\desktop\vs\ga\ga\ga2.cpp(520): warning C4996: 'fopen': This function or variable may be unsafe. Consider using fopen_s instead. To disable deprecation, use _CRT_SECURE_NO_WARNINGS. See online help for details.
                 c:\program files (x86)\microsoft visual studio 10.0\vc\include\stdio.h(234) : 参见“fopen”的声明
     1>c:\users\administrator\desktop\vs\ga\ga\ga2.cpp(549): warning C4244: “参数”: 从“time_t”转换到“unsigned int”，可能丢失数据
       Link:
         C:\Program Files (x86)\Microsoft Visual Studio 10.0\VC\bin\link.exe /ERRORREPORT:PROMPT /OUT:"C:\Users\Administrator\Desktop\vs\GA\Debug\GA.exe" /NOLOGO kernel32.lib user32.lib gdi32.lib winspool.lib comdlg32.lib advapi32.lib shell32.lib ole32.lib oleaut32.lib uuid.lib odbc32.lib odbccp32.lib /MANIFEST /ManifestFile:"Debug\GA.exe.intermediate.manifest" /MANIFESTUAC:"level='asInvoker' uiAccess='false'" /DEBUG /PDB:"C:\Users\Administrator\Desktop\vs\GA\Debug\GA.pdb" /TLBID:1 /DYNAMICBASE /NXCOMPAT /IMPLIB:"C:\Users\Administrator\Desktop\vs\GA\Debug\GA.lib" /MACHINE:X86 Debug\GA.obj
         Debug\GA2.obj
         Debug\graph.obj
         Debug\stdafx.obj
         LINK : 没有找到 C:\Users\Administrator\Desktop\vs\GA\Debug\GA.exe 或上一个增量链接没有生成它；正在执行完全链接
         GA.vcxproj -> C:\Users\Administrator\Desktop\vs\GA\Debug\GA.exe
       Manifest:
         C:\Program Files (x86)\Microsoft SDKs\Windows\v7.0A\bin\mt.exe /nologo /verbose /outputresource:"C:\Users\Administrator\Desktop\vs\GA\Debug\GA.exe;#1" /manifest Debug\GA.exe.intermediate.manifest
       FinalizeBuildStatus:
         正在删除文件“Debug\GA.unsuccessfulbuild”。
         正在对“Debug\GA.lastbuildstate”执行 Touch 任务。
     1>已完成生成项目“C:\Users\Administrator\Desktop\vs\GA\GA\GA.vcxproj”(build 个目标)的操作。

生成成功。

已用时间 00:00:01.18
