E:\MYFLOW\MYFLOW\RELEASE\GRAPH.OBJ
E:\MYFLOW\MYFLOW\RELEASE\INPUTREADER.OBJ
E:\MYFLOW\MYFLOW\RELEASE\MAIN.OBJ
E:\MYFLOW\MYFLOW\RELEASE\MYFLOW.EXE.INTERMEDIATE.MANIFEST
E:\MYFLOW\MYFLOW\RELEASE\PARTITION.OBJ
E:\MYFLOW\MYFLOW\RELEASE\RESULTPRINT.OBJ
E:\MYFLOW\MYFLOW\RELEASE\STATE.OBJ
E:\MYFLOW\MYFLOW\RELEASE\STDAFX.OBJ
E:\MYFLOW\MYFLOW\RELEASE\VC100.PDB
E:\MYFLOW\RELEASE\MYFLOW.EXE
E:\MYFLOW\RELEASE\MYFLOW.PDB
E:\myFlow_caiwei\myFlow\Release\cl.command.1.tlog
E:\myFlow_caiwei\myFlow\Release\CL.read.1.tlog
E:\myFlow_caiwei\myFlow\Release\CL.write.1.tlog
E:\myFlow_caiwei\myFlow\Release\link.command.1.tlog
E:\myFlow_caiwei\myFlow\Release\link.read.1.tlog
E:\myFlow_caiwei\myFlow\Release\link.write.1.tlog
E:\myFlow_caiwei\myFlow\Release\mt.command.1.tlog
E:\myFlow_caiwei\myFlow\Release\mt.read.1.tlog
E:\myFlow_caiwei\myFlow\Release\mt.write.1.tlog
E:\myFlow_caiwei\myFlow\Release\myFlow.vcxprojResolveAssemblyReference.cache
E:\myFlow_caiwei\myFlow\Release\myFlow.write.1.tlog
