生成启动时间为 2015/11/13 10:34:03。
     1>项目“E:\myFlow_caiwei\myFlow\myFlow.vcxproj”在节点 2 上(rebuild 个目标)。
     1>_PrepareForClean:
         正在删除文件“Release\myFlow_caiwei.lastbuildstate”。
       InitializeBuildStatus:
         正在创建“Release\myFlow_caiwei.unsuccessfulbuild”，因为已指定“AlwaysCreate”。
       ClCompile:
         C:\Program Files (x86)\Microsoft Visual Studio 10.0\VC\bin\CL.exe /c /Zi /nologo /W3 /WX- /O2 /Oi /Oy- /GL /D WIN32 /D NDEBUG /D _CONSOLE /D _UNICODE /D UNICODE /Gm- /EHsc /MD /GS /Gy /fp:precise /Zc:wchar_t /Zc:forScope /Fo"Release\\" /Fd"Release\vc100.pdb" /Gd /TP /analyze- /errorReport:prompt graph.cpp InputReader.cpp Main.cpp resultprint.cpp partition.cpp stdafx.cpp
         graph.cpp
         InputReader.cpp
         Main.cpp
         Psapi.h --> Linking with Psapi.lib
         resultprint.cpp
         partition.cpp
         stdafx.cpp
       Link:
         C:\Program Files (x86)\Microsoft Visual Studio 10.0\VC\bin\link.exe /ERRORREPORT:PROMPT /OUT:"E:\myFlow_caiwei\Release\myFlow_caiwei.exe" /INCREMENTAL:NO /NOLOGO kernel32.lib user32.lib gdi32.lib winspool.lib comdlg32.lib advapi32.lib shell32.lib ole32.lib oleaut32.lib uuid.lib odbc32.lib odbccp32.lib /MANIFEST /ManifestFile:"Release\myFlow_caiwei.exe.intermediate.manifest" /MANIFESTUAC:"level='asInvoker' uiAccess='false'" /DEBUG /PDB:"E:\myFlow_caiwei\Release\myFlow_caiwei.pdb" /SUBSYSTEM:CONSOLE /OPT:REF /OPT:ICF /LTCG /TLBID:1 /DYNAMICBASE /NXCOMPAT /IMPLIB:"E:\myFlow_caiwei\Release\myFlow_caiwei.lib" /MACHINE:X86 Release\graph.obj
         Release\InputReader.obj
         Release\Main.obj
         Release\resultprint.obj
         Release\partition.obj
         Release\stdafx.obj
         正在生成代码
         已完成代码的生成
         myFlow.vcxproj -> E:\myFlow_caiwei\Release\myFlow_caiwei.exe
       Manifest:
         C:\Program Files (x86)\Microsoft SDKs\Windows\v7.0A\bin\mt.exe /nologo /verbose /outputresource:"E:\myFlow_caiwei\Release\myFlow_caiwei.exe;#1" /manifest Release\myFlow_caiwei.exe.intermediate.manifest
       FinalizeBuildStatus:
         正在删除文件“Release\myFlow_caiwei.unsuccessfulbuild”。
         正在对“Release\myFlow_caiwei.lastbuildstate”执行 Touch 任务。
     1>已完成生成项目“E:\myFlow_caiwei\myFlow\myFlow.vcxproj”(rebuild 个目标)的操作。

生成成功。

已用时间 00:00:02.46
