E:\myFlow_caiwei\myFlow\Release\cl.command.1.tlog
E:\myFlow_caiwei\myFlow\Release\CL.read.1.tlog
E:\myFlow_caiwei\myFlow\Release\CL.write.1.tlog
E:\MYFLOW_CAIWEI\MYFLOW\RELEASE\GRAPH.OBJ
E:\MYFLOW_CAIWEI\MYFLOW\RELEASE\INPUTREADER.OBJ
E:\myFlow_caiwei\myFlow\Release\link.command.1.tlog
E:\myFlow_caiwei\myFlow\Release\link.read.1.tlog
E:\myFlow_caiwei\myFlow\Release\link.write.1.tlog
E:\MYFLOW_CAIWEI\MYFLOW\RELEASE\MAIN.OBJ
E:\myFlow_caiwei\myFlow\Release\mt.command.1.tlog
E:\myFlow_caiwei\myFlow\Release\mt.read.1.tlog
E:\myFlow_caiwei\myFlow\Release\mt.write.1.tlog
E:\MYFLOW_CAIWEI\MYFLOW\RELEASE\MYFLOW_CAIWEI.EXE.INTERMEDIATE.MANIFEST
E:\myFlow_caiwei\myFlow\Release\myFlow_caiwei.write.1.tlog
E:\MYFLOW_CAIWEI\MYFLOW\RELEASE\PARTITION.OBJ
E:\MYFLOW_CAIWEI\MYFLOW\RELEASE\RESULTPRINT.OBJ
E:\MYFLOW_CAIWEI\MYFLOW\RELEASE\STDAFX.OBJ
E:\MYFLOW_CAIWEI\MYFLOW\RELEASE\VC100.PDB
E:\MYFLOW_CAIWEI\RELEASE\MYFLOW_CAIWEI.EXE
E:\MYFLOW_CAIWEI\RELEASE\MYFLOW_CAIWEI.PDB
