E:\MYFLOW_CAIWEI\DEBUG\MYFLOW.EXE
E:\MYFLOW_CAIWEI\DEBUG\MYFLOW.EXE.MANIFEST
E:\MYFLOW_CAIWEI\DEBUG\MYFLOW.ILK
E:\MYFLOW_CAIWEI\DEBUG\MYFLOW.PDB
E:\myFlow_caiwei\myFlow\Debug\cl.command.1.tlog
E:\myFlow_caiwei\myFlow\Debug\CL.read.1.tlog
E:\myFlow_caiwei\myFlow\Debug\CL.write.1.tlog
E:\MYFLOW_CAIWEI\MYFLOW\DEBUG\GRAPH.OBJ
E:\MYFLOW_CAIWEI\MYFLOW\DEBUG\INPUTREADER.OBJ
E:\myFlow_caiwei\myFlow\Debug\link.command.1.tlog
E:\myFlow_caiwei\myFlow\Debug\link.read.1.tlog
E:\myFlow_caiwei\myFlow\Debug\link.write.1.tlog
E:\MYFLOW_CAIWEI\MYFLOW\DEBUG\MAIN.OBJ
E:\myFlow_caiwei\myFlow\Debug\mt.command.1.tlog
E:\myFlow_caiwei\myFlow\Debug\mt.read.1.tlog
E:\myFlow_caiwei\myFlow\Debug\mt.write.1.tlog
E:\MYFLOW_CAIWEI\MYFLOW\DEBUG\MYFLOW.EXE.INTERMEDIATE.MANIFEST
E:\myFlow_caiwei\myFlow\Debug\myFlow.vcxprojResolveAssemblyReference.cache
E:\myFlow_caiwei\myFlow\Debug\myFlow.write.1.tlog
E:\MYFLOW_CAIWEI\MYFLOW\DEBUG\PARTITION.OBJ
E:\MYFLOW_CAIWEI\MYFLOW\DEBUG\RESULTPRINT.OBJ
E:\MYFLOW_CAIWEI\MYFLOW\DEBUG\STATE.OBJ
E:\MYFLOW_CAIWEI\MYFLOW\DEBUG\STDAFX.OBJ
E:\myFlow_caiwei\myFlow\Debug\vc100.idb
E:\MYFLOW_CAIWEI\MYFLOW\DEBUG\VC100.PDB
