E:\MYFLOW_ICA_NEW_2\DEBUG\MYFLOW_ICA_NEW_2.EXE
E:\MYFLOW_ICA_NEW_2\DEBUG\MYFLOW_ICA_NEW_2.EXE.MANIFEST
E:\MYFLOW_ICA_NEW_2\DEBUG\MYFLOW_ICA_NEW_2.ILK
E:\MYFLOW_ICA_NEW_2\DEBUG\MYFLOW_ICA_NEW_2.PDB
E:\myFlow_ICA_new_2\myFlow\Debug\cl.command.1.tlog
E:\myFlow_ICA_new_2\myFlow\Debug\CL.read.1.tlog
E:\myFlow_ICA_new_2\myFlow\Debug\CL.write.1.tlog
E:\MYFLOW_ICA_NEW_2\MYFLOW\DEBUG\GRAPH.OBJ
E:\MYFLOW_ICA_NEW_2\MYFLOW\DEBUG\INPUTREADER.OBJ
E:\myFlow_ICA_new_2\myFlow\Debug\link.command.1.tlog
E:\myFlow_ICA_new_2\myFlow\Debug\link.read.1.tlog
E:\myFlow_ICA_new_2\myFlow\Debug\link.write.1.tlog
E:\MYFLOW_ICA_NEW_2\MYFLOW\DEBUG\MAIN.OBJ
E:\myFlow_ICA_new_2\myFlow\Debug\mt.command.1.tlog
E:\myFlow_ICA_new_2\myFlow\Debug\mt.read.1.tlog
E:\myFlow_ICA_new_2\myFlow\Debug\mt.write.1.tlog
E:\myFlow_ICA_new_2\myFlow\Debug\myFlow.vcxprojResolveAssemblyReference.cache
E:\MYFLOW_ICA_NEW_2\MYFLOW\DEBUG\MYFLOW_ICA_NEW_2.EXE.INTERMEDIATE.MANIFEST
E:\myFlow_ICA_new_2\myFlow\Debug\myFlow_ICA_new_2.write.1.tlog
E:\MYFLOW_ICA_NEW_2\MYFLOW\DEBUG\PARTITION.OBJ
E:\MYFLOW_ICA_NEW_2\MYFLOW\DEBUG\RESULTPRINT.OBJ
E:\MYFLOW_ICA_NEW_2\MYFLOW\DEBUG\STATE.OBJ
E:\MYFLOW_ICA_NEW_2\MYFLOW\DEBUG\STDAFX.OBJ
E:\myFlow_ICA_new_2\myFlow\Debug\vc100.idb
E:\MYFLOW_ICA_NEW_2\MYFLOW\DEBUG\VC100.PDB
