E:\MYFLOW_ICA_NEW\DEBUG\MYFLOW_ICA_NEW.EXE
E:\MYFLOW_ICA_NEW\DEBUG\MYFLOW_ICA_NEW.EXE.MANIFEST
E:\MYFLOW_ICA_NEW\DEBUG\MYFLOW_ICA_NEW.ILK
E:\MYFLOW_ICA_NEW\DEBUG\MYFLOW_ICA_NEW.PDB
E:\myFlow_ICA_new\myFlow\Debug\cl.command.1.tlog
E:\myFlow_ICA_new\myFlow\Debug\CL.read.1.tlog
E:\myFlow_ICA_new\myFlow\Debug\CL.write.1.tlog
E:\MYFLOW_ICA_NEW\MYFLOW\DEBUG\GRAPH.OBJ
E:\MYFLOW_ICA_NEW\MYFLOW\DEBUG\INPUTREADER.OBJ
E:\myFlow_ICA_new\myFlow\Debug\link.command.1.tlog
E:\myFlow_ICA_new\myFlow\Debug\link.read.1.tlog
E:\myFlow_ICA_new\myFlow\Debug\link.write.1.tlog
E:\MYFLOW_ICA_NEW\MYFLOW\DEBUG\MAIN.OBJ
E:\myFlow_ICA_new\myFlow\Debug\mt.command.1.tlog
E:\myFlow_ICA_new\myFlow\Debug\mt.read.1.tlog
E:\myFlow_ICA_new\myFlow\Debug\mt.write.1.tlog
E:\MYFLOW_ICA_NEW\MYFLOW\DEBUG\MYFLOW_ICA_NEW.EXE.INTERMEDIATE.MANIFEST
E:\myFlow_ICA_new\myFlow\Debug\myFlow_ICA_new.write.1.tlog
E:\MYFLOW_ICA_NEW\MYFLOW\DEBUG\PARTITION.OBJ
E:\MYFLOW_ICA_NEW\MYFLOW\DEBUG\RESULTPRINT.OBJ
E:\MYFLOW_ICA_NEW\MYFLOW\DEBUG\STATE.OBJ
E:\MYFLOW_ICA_NEW\MYFLOW\DEBUG\STDAFX.OBJ
E:\myFlow_ICA_new\myFlow\Debug\vc100.idb
E:\MYFLOW_ICA_NEW\MYFLOW\DEBUG\VC100.PDB
