E:\MYFLOW_BASE\DEBUG\MYFLOW_BASE.EXE
E:\MYFLOW_BASE\DEBUG\MYFLOW_BASE.EXE.MANIFEST
E:\MYFLOW_BASE\DEBUG\MYFLOW_BASE.ILK
E:\MYFLOW_BASE\DEBUG\MYFLOW_BASE.PDB
E:\myFlow_BASE\myFlow\Debug\cl.command.1.tlog
E:\myFlow_BASE\myFlow\Debug\CL.read.1.tlog
E:\myFlow_BASE\myFlow\Debug\CL.write.1.tlog
E:\MYFLOW_BASE\MYFLOW\DEBUG\GRAPH.OBJ
E:\MYFLOW_BASE\MYFLOW\DEBUG\INPUTREADER.OBJ
E:\myFlow_BASE\myFlow\Debug\link.command.1.tlog
E:\myFlow_BASE\myFlow\Debug\link.read.1.tlog
E:\myFlow_BASE\myFlow\Debug\link.write.1.tlog
E:\MYFLOW_BASE\MYFLOW\DEBUG\MAIN.OBJ
E:\myFlow_BASE\myFlow\Debug\mt.command.1.tlog
E:\myFlow_BASE\myFlow\Debug\mt.read.1.tlog
E:\myFlow_BASE\myFlow\Debug\mt.write.1.tlog
E:\myFlow_BASE\myFlow\Debug\myFlow.vcxprojResolveAssemblyReference.cache
E:\MYFLOW_BASE\MYFLOW\DEBUG\MYFLOW_BASE.EXE.INTERMEDIATE.MANIFEST
E:\myFlow_BASE\myFlow\Debug\myFlow_base.write.1.tlog
E:\MYFLOW_BASE\MYFLOW\DEBUG\PARTITION.OBJ
E:\MYFLOW_BASE\MYFLOW\DEBUG\RESULTPRINT.OBJ
E:\MYFLOW_BASE\MYFLOW\DEBUG\STATE.OBJ
E:\MYFLOW_BASE\MYFLOW\DEBUG\STDAFX.OBJ
E:\myFlow_BASE\myFlow\Debug\vc100.idb
E:\MYFLOW_BASE\MYFLOW\DEBUG\VC100.PDB
